<?xml version="1.0" encoding="UTF-8"?>
<testng-results skipped="0" failed="0" ignored="0" total="1" passed="1">
  <reporter-output>
  </reporter-output>
  <suite name="Default suite" duration-ms="20275" started-at="2018-04-23T04:46:51Z" finished-at="2018-04-23T04:47:11Z">
    <groups>
    </groups>
    <test name="Default test" duration-ms="20275" started-at="2018-04-23T04:46:51Z" finished-at="2018-04-23T04:47:11Z">
      <class name="automationFramework.Login1">
        <test-method status="PASS" signature="openBrowser()[pri:0, instance:automationFramework.Login1@491cc5c9]" name="openBrowser" is-config="true" duration-ms="6608" started-at="2018-04-23T04:46:51Z" finished-at="2018-04-23T04:46:58Z">
          <reporter-output>
          </reporter-output>
        </test-method> <!-- openBrowser -->
        <test-method status="PASS" signature="verify_login()[pri:0, instance:automationFramework.Login1@491cc5c9]" name="verify_login" duration-ms="13641" started-at="2018-04-23T04:46:58Z" finished-at="2018-04-23T04:47:11Z">
          <reporter-output>
          </reporter-output>
        </test-method> <!-- verify_login -->
      </class> <!-- automationFramework.Login1 -->
    </test> <!-- Default test -->
  </suite> <!-- Default suite -->
</testng-results>
